2016-04-26 13:10:14,167 [INFO ] com.itgrids.paymentgatewaydao.hibernate.PaymentMethodDAOHibernateTest  - Loading context for locations: classpath:/applicationContext-resources.xml,classpath:/applicationContext-dao.xml,classpath*:/applicationContext.xml,classpath:**/applicationContext*.xml
2016-04-26 13:10:14,289 [INFO ] org.springframework.beans.factory.xml.XmlBeanDefinitionReader  - Loading XML bean definitions from class path resource [applicationContext-resources.xml]
2016-04-26 13:10:14,305 [DEBUG] org.springframework.beans.factory.xml.DefaultDocumentLoader  - Using JAXP provider [com.sun.org.apache.xerces.internal.jaxp.DocumentBuilderFactoryImpl]
2016-04-26 13:10:14,320 [DEBUG] org.springframework.beans.factory.xml.PluggableSchemaResolver  - Loading schema mappings from [META-INF/spring.schemas]
2016-04-26 13:10:14,336 [DEBUG] org.springframework.beans.factory.xml.PluggableSchemaResolver  - Loaded schema mappings: {http://www.springframework.org/schema/lang/spring-lang-2.5.xsd=org/springframework/scripting/config/spring-lang-2.5.xsd, http://www.springframework.org/schema/lang/spring-lang.xsd=org/springframework/scripting/config/spring-lang-2.5.xsd, http://www.springframework.org/schema/context/spring-context-2.5.xsd=org/springframework/context/config/spring-context-2.5.xsd, http://www.springframework.org/schema/aop/spring-aop.xsd=org/springframework/aop/config/spring-aop-2.5.xsd, http://www.springframework.org/schema/context/spring-context.xsd=org/springframework/context/config/spring-context-2.5.xsd, http://xfire.codehaus.org/config/1.0=file:/C:/Users/Dan%20Diephouse/workspace/xfire/target/checkout/xfire-spring/target/test-generated/services.xsd, http://www.springframework.org/schema/util/spring-util-2.0.xsd=org/springframework/beans/factory/xml/spring-util-2.0.xsd, http://www.springframework.org/schema/security/spring-security-2.0.xsd=org/springframework/security/config/spring-security-2.0.xsd, http://www.springframework.org/schema/util/spring-util-2.5.xsd=org/springframework/beans/factory/xml/spring-util-2.5.xsd, http://www.springframework.org/schema/tx/spring-tx-2.0.xsd=org/springframework/transaction/config/spring-tx-2.0.xsd, http://www.springframework.org/schema/tool/spring-tool-2.0.xsd=org/springframework/beans/factory/xml/spring-tool-2.0.xsd, http://www.springframework.org/schema/tx/spring-tx-2.5.xsd=org/springframework/transaction/config/spring-tx-2.5.xsd, http://www.springframework.org/schema/beans/spring-beans-2.0.xsd=org/springframework/beans/factory/xml/spring-beans-2.0.xsd, http://www.springframework.org/schema/tool/spring-tool-2.5.xsd=org/springframework/beans/factory/xml/spring-tool-2.5.xsd, http://www.springframework.org/schema/beans/spring-beans-2.5.xsd=org/springframework/beans/factory/xml/spring-beans-2.5.xsd, http://www.springframework.org/schema/beans/spring-beans.xsd=org/springframework/beans/factory/xml/spring-beans-2.5.xsd, http://www.springframework.org/schema/jee/spring-jee.xsd=org/springframework/ejb/config/spring-jee-2.5.xsd, http://www.springframework.org/schema/tool/spring-tool.xsd=org/springframework/beans/factory/xml/spring-tool-2.5.xsd, http://www.springframework.org/schema/security/spring-security-2.0.1.xsd=org/springframework/security/config/spring-security-2.0.1.xsd, http://www.springframework.org/schema/tx/spring-tx.xsd=org/springframework/transaction/config/spring-tx-2.5.xsd, http://www.springframework.org/schema/aop/spring-aop-2.0.xsd=org/springframework/aop/config/spring-aop-2.0.xsd, http://www.springframework.org/schema/jee/spring-jee-2.0.xsd=org/springframework/ejb/config/spring-jee-2.0.xsd, http://www.springframework.org/schema/aop/spring-aop-2.5.xsd=org/springframework/aop/config/spring-aop-2.5.xsd, http://www.springframework.org/schema/jee/spring-jee-2.5.xsd=org/springframework/ejb/config/spring-jee-2.5.xsd, http://www.springframework.org/schema/lang/spring-lang-2.0.xsd=org/springframework/scripting/config/spring-lang-2.0.xsd, http://www.springframework.org/schema/util/spring-util.xsd=org/springframework/beans/factory/xml/spring-util-2.5.xsd}
2016-04-26 13:10:14,336 [DEBUG] org.springframework.beans.factory.xml.PluggableSchemaResolver  - Found XML schema [http://www.springframework.org/schema/beans/spring-beans-2.0.xsd] in classpath: org/springframework/beans/factory/xml/spring-beans-2.0.xsd
2016-04-26 13:10:14,389 [DEBUG] org.springframework.beans.factory.xml.DefaultBeanDefinitionDocumentReader  - Loading bean definitions
2016-04-26 13:10:14,420 [DEBUG] org.springframework.beans.factory.xml.XmlBeanDefinitionReader  - Loaded 4 bean definitions from location pattern [classpath:/applicationContext-resources.xml]
2016-04-26 13:10:14,420 [INFO ] org.springframework.beans.factory.xml.XmlBeanDefinitionReader  - Loading XML bean definitions from class path resource [applicationContext-dao.xml]
2016-04-26 13:10:14,420 [DEBUG] org.springframework.beans.factory.xml.DefaultDocumentLoader  - Using JAXP provider [com.sun.org.apache.xerces.internal.jaxp.DocumentBuilderFactoryImpl]
2016-04-26 13:10:14,420 [DEBUG] org.springframework.beans.factory.xml.PluggableSchemaResolver  - Found XML schema [http://www.springframework.org/schema/beans/spring-beans-2.0.xsd] in classpath: org/springframework/beans/factory/xml/spring-beans-2.0.xsd
2016-04-26 13:10:14,452 [DEBUG] org.springframework.beans.factory.xml.DefaultBeanDefinitionDocumentReader  - Loading bean definitions
2016-04-26 13:10:14,452 [INFO ] org.springframework.beans.factory.support.DefaultListableBeanFactory  - Overriding bean definition for bean 'sessionFactory': replacing [Generic bean: class [org.springframework.orm.hibernate3.annotation.AnnotationSessionFactoryBean]; scope=singleton; abstract=false; lazyInit=true; autowireMode=0; dependencyCheck=0; autowireCandidate=true; primary=false; factoryBeanName=null; factoryMethodName=null; initMethodName=null; destroyMethodName=null; defined in class path resource [applicationContext-resources.xml]] with [Generic bean: class [org.springframework.orm.hibernate3.annotation.AnnotationSessionFactoryBean]; scope=singleton; abstract=false; lazyInit=true; autowireMode=0; dependencyCheck=0; autowireCandidate=true; primary=false; factoryBeanName=null; factoryMethodName=null; initMethodName=null; destroyMethodName=null; defined in class path resource [applicationContext-dao.xml]]
2016-04-26 13:10:14,452 [DEBUG] org.springframework.beans.factory.xml.XmlBeanDefinitionReader  - Loaded 5 bean definitions from location pattern [classpath:/applicationContext-dao.xml]
2016-04-26 13:10:14,452 [DEBUG] org.springframework.beans.factory.xml.XmlBeanDefinitionReader  - Loaded 0 bean definitions from location pattern [classpath*:/applicationContext.xml]
2016-04-26 13:10:14,452 [DEBUG] org.springframework.core.io.support.PathMatchingResourcePatternResolver  - Looking for matching resources in directory tree [E:\kamal_workspace\Dev_PartyAnalyst\payment_gateway\target\test-classes]
2016-04-26 13:10:14,452 [DEBUG] org.springframework.core.io.support.PathMatchingResourcePatternResolver  - Searching directory [E:\kamal_workspace\Dev_PartyAnalyst\payment_gateway\target\test-classes] for files matching pattern [E:/kamal_workspace/Dev_PartyAnalyst/payment_gateway/target/test-classes/**/applicationContext*.xml]
2016-04-26 13:10:14,452 [DEBUG] org.springframework.core.io.support.PathMatchingResourcePatternResolver  - Searching directory [E:\kamal_workspace\Dev_PartyAnalyst\payment_gateway\target\test-classes\com] for files matching pattern [E:/kamal_workspace/Dev_PartyAnalyst/payment_gateway/target/test-classes/**/applicationContext*.xml]
2016-04-26 13:10:14,452 [DEBUG] org.springframework.core.io.support.PathMatchingResourcePatternResolver  - Searching directory [E:\kamal_workspace\Dev_PartyAnalyst\payment_gateway\target\test-classes\com\itgrids] for files matching pattern [E:/kamal_workspace/Dev_PartyAnalyst/payment_gateway/target/test-classes/**/applicationContext*.xml]
2016-04-26 13:10:14,452 [DEBUG] org.springframework.core.io.support.PathMatchingResourcePatternResolver  - Searching directory [E:\kamal_workspace\Dev_PartyAnalyst\payment_gateway\target\test-classes\com\itgrids\paymentgateway] for files matching pattern [E:/kamal_workspace/Dev_PartyAnalyst/payment_gateway/target/test-classes/**/applicationContext*.xml]
2016-04-26 13:10:14,452 [DEBUG] org.springframework.core.io.support.PathMatchingResourcePatternResolver  - Searching directory [E:\kamal_workspace\Dev_PartyAnalyst\payment_gateway\target\test-classes\com\itgrids\paymentgateway\util] for files matching pattern [E:/kamal_workspace/Dev_PartyAnalyst/payment_gateway/target/test-classes/**/applicationContext*.xml]
2016-04-26 13:10:14,452 [DEBUG] org.springframework.core.io.support.PathMatchingResourcePatternResolver  - Searching directory [E:\kamal_workspace\Dev_PartyAnalyst\payment_gateway\target\test-classes\com\itgrids\paymentgatewaydao] for files matching pattern [E:/kamal_workspace/Dev_PartyAnalyst/payment_gateway/target/test-classes/**/applicationContext*.xml]
2016-04-26 13:10:14,452 [DEBUG] org.springframework.core.io.support.PathMatchingResourcePatternResolver  - Searching directory [E:\kamal_workspace\Dev_PartyAnalyst\payment_gateway\target\test-classes\com\itgrids\paymentgatewaydao\hibernate] for files matching pattern [E:/kamal_workspace/Dev_PartyAnalyst/payment_gateway/target/test-classes/**/applicationContext*.xml]
2016-04-26 13:10:14,452 [DEBUG] org.springframework.core.io.support.PathMatchingResourcePatternResolver  - Resolved location pattern [classpath:**/applicationContext*.xml] to resources [file [E:\kamal_workspace\Dev_PartyAnalyst\payment_gateway\target\test-classes\applicationContext-resources.xml]]
2016-04-26 13:10:14,452 [INFO ] org.springframework.beans.factory.xml.XmlBeanDefinitionReader  - Loading XML bean definitions from file [E:\kamal_workspace\Dev_PartyAnalyst\payment_gateway\target\test-classes\applicationContext-resources.xml]
2016-04-26 13:10:14,452 [DEBUG] org.springframework.beans.factory.xml.DefaultDocumentLoader  - Using JAXP provider [com.sun.org.apache.xerces.internal.jaxp.DocumentBuilderFactoryImpl]
2016-04-26 13:10:14,452 [DEBUG] org.springframework.beans.factory.xml.PluggableSchemaResolver  - Found XML schema [http://www.springframework.org/schema/beans/spring-beans-2.0.xsd] in classpath: org/springframework/beans/factory/xml/spring-beans-2.0.xsd
2016-04-26 13:10:14,490 [DEBUG] org.springframework.beans.factory.xml.DefaultBeanDefinitionDocumentReader  - Loading bean definitions
2016-04-26 13:10:14,490 [INFO ] org.springframework.beans.factory.support.DefaultListableBeanFactory  - Overriding bean definition for bean 'propertyConfigurer': replacing [Generic bean: class [org.springframework.beans.factory.config.PropertyPlaceholderConfigurer]; scope=singleton; abstract=false; lazyInit=true; autowireMode=0; dependencyCheck=0; autowireCandidate=true; primary=false; factoryBeanName=null; factoryMethodName=null; initMethodName=null; destroyMethodName=null; defined in class path resource [applicationContext-resources.xml]] with [Generic bean: class [org.springframework.beans.factory.config.PropertyPlaceholderConfigurer]; scope=singleton; abstract=false; lazyInit=true; autowireMode=0; dependencyCheck=0; autowireCandidate=true; primary=false; factoryBeanName=null; factoryMethodName=null; initMethodName=null; destroyMethodName=null; defined in file [E:\kamal_workspace\Dev_PartyAnalyst\payment_gateway\target\test-classes\applicationContext-resources.xml]]
2016-04-26 13:10:14,490 [INFO ] org.springframework.beans.factory.support.DefaultListableBeanFactory  - Overriding bean definition for bean 'dataSource': replacing [Generic bean: class [org.springframework.jdbc.datasource.DriverManagerDataSource]; scope=singleton; abstract=false; lazyInit=true; autowireMode=0; dependencyCheck=0; autowireCandidate=true; primary=false; factoryBeanName=null; factoryMethodName=null; initMethodName=null; destroyMethodName=null; defined in class path resource [applicationContext-resources.xml]] with [Generic bean: class [org.springframework.jdbc.datasource.DriverManagerDataSource]; scope=singleton; abstract=false; lazyInit=true; autowireMode=0; dependencyCheck=0; autowireCandidate=true; primary=false; factoryBeanName=null; factoryMethodName=null; initMethodName=null; destroyMethodName=null; defined in file [E:\kamal_workspace\Dev_PartyAnalyst\payment_gateway\target\test-classes\applicationContext-resources.xml]]
2016-04-26 13:10:14,490 [INFO ] org.springframework.beans.factory.support.DefaultListableBeanFactory  - Overriding bean definition for bean 'sessionFactory': replacing [Generic bean: class [org.springframework.orm.hibernate3.annotation.AnnotationSessionFactoryBean]; scope=singleton; abstract=false; lazyInit=true; autowireMode=0; dependencyCheck=0; autowireCandidate=true; primary=false; factoryBeanName=null; factoryMethodName=null; initMethodName=null; destroyMethodName=null; defined in class path resource [applicationContext-dao.xml]] with [Generic bean: class [org.springframework.orm.hibernate3.annotation.AnnotationSessionFactoryBean]; scope=singleton; abstract=false; lazyInit=true; autowireMode=0; dependencyCheck=0; autowireCandidate=true; primary=false; factoryBeanName=null; factoryMethodName=null; initMethodName=null; destroyMethodName=null; defined in file [E:\kamal_workspace\Dev_PartyAnalyst\payment_gateway\target\test-classes\applicationContext-resources.xml]]
2016-04-26 13:10:14,490 [INFO ] org.springframework.beans.factory.support.DefaultListableBeanFactory  - Overriding bean definition for bean 'paymentMethodDAO': replacing [Generic bean: class [com.itgrids.paymentgateway.dao.hibernate.PaymentMethodDAO]; scope=singleton; abstract=false; lazyInit=true; autowireMode=0; dependencyCheck=0; autowireCandidate=true; primary=false; factoryBeanName=null; factoryMethodName=null; initMethodName=null; destroyMethodName=null; defined in class path resource [applicationContext-resources.xml]] with [Generic bean: class [com.itgrids.paymentgateway.dao.hibernate.PaymentMethodDAO]; scope=singleton; abstract=false; lazyInit=true; autowireMode=0; dependencyCheck=0; autowireCandidate=true; primary=false; factoryBeanName=null; factoryMethodName=null; initMethodName=null; destroyMethodName=null; defined in file [E:\kamal_workspace\Dev_PartyAnalyst\payment_gateway\target\test-classes\applicationContext-resources.xml]]
2016-04-26 13:10:14,490 [DEBUG] org.springframework.beans.factory.xml.XmlBeanDefinitionReader  - Loaded 0 bean definitions from location pattern [classpath:**/applicationContext*.xml]
2016-04-26 13:10:14,490 [INFO ] org.springframework.context.support.GenericApplicationContext  - Refreshing org.springframework.context.support.GenericApplicationContext@852732d: display name [org.springframework.context.support.GenericApplicationContext@852732d]; startup date [Tue Apr 26 13:10:14 IST 2016]; root of context hierarchy
2016-04-26 13:10:14,490 [INFO ] org.springframework.context.support.GenericApplicationContext  - Bean factory for application context [org.springframework.context.support.GenericApplicationContext@852732d]: org.springframework.beans.factory.support.DefaultListableBeanFactory@20a8a84c
2016-04-26 13:10:14,490 [DEBUG] org.springframework.context.support.GenericApplicationContext  - 9 beans defined in org.springframework.context.support.GenericApplicationContext@852732d: display name [org.springframework.context.support.GenericApplicationContext@852732d]; startup date [Tue Apr 26 13:10:14 IST 2016]; root of context hierarchy
2016-04-26 13:10:14,521 [DEBUG] org.springframework.beans.factory.support.DefaultListableBeanFactory  - Creating shared instance of singleton bean 'propertyConfigurer'
2016-04-26 13:10:14,521 [DEBUG] org.springframework.beans.factory.support.DefaultListableBeanFactory  - Creating instance of bean 'propertyConfigurer'
2016-04-26 13:10:14,536 [DEBUG] org.springframework.beans.factory.support.DefaultListableBeanFactory  - Eagerly caching bean 'propertyConfigurer' to allow for resolving potential circular references
2016-04-26 13:10:14,552 [DEBUG] org.springframework.beans.factory.support.DefaultListableBeanFactory  - Finished creating instance of bean 'propertyConfigurer'
2016-04-26 13:10:14,552 [INFO ] org.springframework.beans.factory.config.PropertyPlaceholderConfigurer  - Loading properties file from class path resource [jdbc.properties]
2016-04-26 13:10:14,552 [DEBUG] org.springframework.context.support.GenericApplicationContext  - Unable to locate MessageSource with name 'messageSource': using default [org.springframework.context.support.DelegatingMessageSource@2d536558]
2016-04-26 13:10:14,552 [DEBUG] org.springframework.context.support.GenericApplicationContext  - Unable to locate ApplicationEventMulticaster with name 'applicationEventMulticaster': using default [org.springframework.context.event.SimpleApplicationEventMulticaster@67ac3d0c]
2016-04-26 13:10:14,552 [INFO ] org.springframework.beans.factory.support.DefaultListableBeanFactory  - Pre-instantiating singletons in org.springframework.beans.factory.support.DefaultListableBeanFactory@20a8a84c: defining beans [propertyConfigurer,dataSource,sessionFactory,paymentMethodDAO,transactionManager,universalDao,lookupDao,userDao,roleDao]; root of factory hierarchy
2016-04-26 13:10:14,590 [DEBUG] org.springframework.beans.factory.support.DefaultListableBeanFactory  - Creating shared instance of singleton bean 'dataSource'
2016-04-26 13:10:14,590 [DEBUG] org.springframework.beans.factory.support.DefaultListableBeanFactory  - Creating instance of bean 'dataSource'
2016-04-26 13:10:14,590 [DEBUG] org.springframework.beans.factory.support.DefaultListableBeanFactory  - Eagerly caching bean 'dataSource' to allow for resolving potential circular references
2016-04-26 13:10:14,605 [INFO ] org.springframework.jdbc.datasource.DriverManagerDataSource  - Loaded JDBC driver: com.mysql.jdbc.Driver
2016-04-26 13:10:14,605 [DEBUG] org.springframework.beans.factory.support.DefaultListableBeanFactory  - Finished creating instance of bean 'dataSource'
2016-04-26 13:10:14,605 [DEBUG] org.springframework.beans.factory.support.DefaultListableBeanFactory  - Added autowiring by name from bean name 'com.itgrids.paymentgatewaydao.hibernate.PaymentMethodDAOHibernateTest' via property 'dataSource' to bean named 'dataSource'
2016-04-26 13:10:14,605 [DEBUG] org.springframework.beans.factory.support.DefaultListableBeanFactory  - Creating shared instance of singleton bean 'paymentMethodDAO'
2016-04-26 13:10:14,605 [DEBUG] org.springframework.beans.factory.support.DefaultListableBeanFactory  - Creating instance of bean 'paymentMethodDAO'
2016-04-26 13:10:14,605 [DEBUG] org.springframework.beans.factory.support.DefaultListableBeanFactory  - Eagerly caching bean 'paymentMethodDAO' to allow for resolving potential circular references
2016-04-26 13:10:14,605 [DEBUG] org.springframework.beans.factory.support.DefaultListableBeanFactory  - Creating shared instance of singleton bean 'sessionFactory'
2016-04-26 13:10:14,605 [DEBUG] org.springframework.beans.factory.support.DefaultListableBeanFactory  - Creating instance of bean 'sessionFactory'
2016-04-26 13:10:14,621 [DEBUG] org.springframework.beans.factory.support.DefaultListableBeanFactory  - Eagerly caching bean 'sessionFactory' to allow for resolving potential circular references
2016-04-26 13:10:14,621 [DEBUG] org.springframework.beans.factory.support.DefaultListableBeanFactory  - Returning cached instance of singleton bean 'dataSource'
2016-04-26 13:10:14,652 [DEBUG] org.springframework.beans.factory.support.DefaultListableBeanFactory  - Invoking afterPropertiesSet() on bean with name 'sessionFactory'
2016-04-26 13:10:14,652 [INFO ] org.hibernate.cfg.annotations.Version  - Hibernate Annotations 3.3.1.GA
2016-04-26 13:10:14,652 [INFO ] org.hibernate.cfg.Environment  - Hibernate 3.2.6
2016-04-26 13:10:14,668 [INFO ] org.hibernate.cfg.Environment  - hibernate.properties not found
2016-04-26 13:10:14,668 [INFO ] org.hibernate.cfg.Environment  - Bytecode provider name : cglib
2016-04-26 13:10:14,668 [INFO ] org.hibernate.cfg.Environment  - using JDK 1.4 java.sql.Timestamp handling
2016-04-26 13:10:14,706 [INFO ] org.springframework.orm.hibernate3.annotation.AnnotationSessionFactoryBean  - Building new Hibernate SessionFactory
2016-04-26 13:10:14,721 [DEBUG] org.hibernate.cfg.search.SearchConfiguration  - Search not present in classpath, ignoring event listener registration
2016-04-26 13:10:14,721 [DEBUG] org.hibernate.cfg.Configuration  - Preparing to build session factory with filters : {}
2016-04-26 13:10:14,721 [DEBUG] org.hibernate.cfg.AnnotationConfiguration  - Execute first pass mapping processing
2016-04-26 13:10:14,753 [DEBUG] org.hibernate.cfg.AnnotationConfiguration  - Process hbm files
2016-04-26 13:10:14,753 [DEBUG] org.hibernate.cfg.AnnotationConfiguration  - Process annotated classes
2016-04-26 13:10:14,753 [INFO ] org.hibernate.cfg.AnnotationBinder  - Binding entity from annotated class: com.itgrids.paymentgateway.model.PaymentMethod
2016-04-26 13:10:14,768 [DEBUG] org.hibernate.cfg.Ejb3Column  - Binding column DTYPE unique false
2016-04-26 13:10:14,786 [DEBUG] org.hibernate.cfg.annotations.EntityBinder  - Import with entity name=PaymentMethod
2016-04-26 13:10:14,790 [INFO ] org.hibernate.cfg.annotations.EntityBinder  - Bind entity com.itgrids.paymentgateway.model.PaymentMethod on table payment_method
2016-04-26 13:10:14,790 [DEBUG] org.hibernate.cfg.AnnotationBinder  - Processing com.itgrids.paymentgateway.model.PaymentMethod property annotation
2016-04-26 13:10:14,806 [DEBUG] org.hibernate.cfg.AnnotationBinder  - Processing annotations of com.itgrids.paymentgateway.model.PaymentMethod.paymentMethodId
2016-04-26 13:10:14,806 [DEBUG] org.hibernate.cfg.Ejb3Column  - Binding column payment_method_id unique true
2016-04-26 13:10:14,806 [DEBUG] org.hibernate.cfg.AnnotationBinder  - paymentMethodId is an id
2016-04-26 13:10:14,806 [DEBUG] org.hibernate.cfg.annotations.SimpleValueBinder  - building SimpleValue for paymentMethodId
2016-04-26 13:10:14,822 [DEBUG] org.hibernate.cfg.annotations.PropertyBinder  - Building property paymentMethodId
2016-04-26 13:10:14,822 [DEBUG] org.hibernate.cfg.AnnotationBinder  - Bind @Id on paymentMethodId
2016-04-26 13:10:14,822 [DEBUG] org.hibernate.cfg.AnnotationBinder  - Processing annotations of com.itgrids.paymentgateway.model.PaymentMethod.method
2016-04-26 13:10:14,822 [DEBUG] org.hibernate.cfg.Ejb3Column  - Binding column method unique false
2016-04-26 13:10:14,822 [DEBUG] org.hibernate.cfg.annotations.PropertyBinder  - binding property method with lazy=false
2016-04-26 13:10:14,822 [DEBUG] org.hibernate.cfg.annotations.SimpleValueBinder  - building SimpleValue for method
2016-04-26 13:10:14,822 [DEBUG] org.hibernate.cfg.annotations.PropertyBinder  - Building property method
2016-04-26 13:10:14,822 [DEBUG] org.hibernate.cfg.AnnotationConfiguration  - processing fk mappings (*ToOne and JoinedSubclass)
2016-04-26 13:10:14,822 [DEBUG] org.hibernate.cfg.Configuration  - processing extends queue
2016-04-26 13:10:14,822 [DEBUG] org.hibernate.cfg.Configuration  - processing collection mappings
2016-04-26 13:10:14,822 [DEBUG] org.hibernate.cfg.Configuration  - processing native query and ResultSetMapping mappings
2016-04-26 13:10:14,822 [DEBUG] org.hibernate.cfg.Configuration  - processing association property references
2016-04-26 13:10:14,822 [DEBUG] org.hibernate.cfg.Configuration  - processing foreign key constraints
2016-04-26 13:10:14,822 [INFO ] org.hibernate.validator.Version  - Hibernate Validator 3.0.0.GA
2016-04-26 13:10:14,822 [DEBUG] org.hibernate.validator.ClassValidator  - ResourceBundle ValidatorMessages not found in Validator classloader. Delegate to org.hibernate.validator.resources.DefaultValidatorMessages
2016-04-26 13:10:14,868 [WARN ] org.hibernate.cfg.Environment  - Property [hibernate.cglib.use_reflection_optimizer] has been renamed to [hibernate.bytecode.use_reflection_optimizer]; update your properties appropriately
2016-04-26 13:10:14,868 [INFO ] org.hibernate.connection.ConnectionProviderFactory  - Initializing connection provider: org.springframework.orm.hibernate3.LocalDataSourceConnectionProvider
2016-04-26 13:10:14,868 [DEBUG] org.springframework.jdbc.datasource.DriverManagerDataSource  - Creating new JDBC Connection to [jdbc:mysql://localhost:3306/dakavara_pa]
2016-04-26 13:10:15,053 [INFO ] org.hibernate.cfg.SettingsFactory  - RDBMS: MySQL, version: 5.6.21-log
2016-04-26 13:10:15,053 [INFO ] org.hibernate.cfg.SettingsFactory  - JDBC driver: MySQL-AB JDBC Driver, version: mysql-connector-java-5.1.6 ( Revision: ${svn.Revision} )
2016-04-26 13:10:15,069 [INFO ] org.hibernate.dialect.Dialect  - Using dialect: org.hibernate.dialect.MySQLDialect
2016-04-26 13:10:15,069 [INFO ] org.hibernate.transaction.TransactionFactoryFactory  - Using default transaction strategy (direct JDBC transactions)
2016-04-26 13:10:15,069 [INFO ] org.hibernate.transaction.TransactionManagerLookupFactory  - No TransactionManagerLookup configured (in JTA environment, use of read-write or transactional second-level cache is not recommended)
2016-04-26 13:10:15,069 [INFO ] org.hibernate.cfg.SettingsFactory  - Automatic flush during beforeCompletion(): disabled
2016-04-26 13:10:15,069 [INFO ] org.hibernate.cfg.SettingsFactory  - Automatic session close at end of transaction: disabled
2016-04-26 13:10:15,069 [INFO ] org.hibernate.cfg.SettingsFactory  - JDBC batch size: 15
2016-04-26 13:10:15,069 [INFO ] org.hibernate.cfg.SettingsFactory  - JDBC batch updates for versioned data: disabled
2016-04-26 13:10:15,069 [INFO ] org.hibernate.cfg.SettingsFactory  - Scrollable result sets: enabled
2016-04-26 13:10:15,069 [DEBUG] org.hibernate.cfg.SettingsFactory  - Wrap result sets: disabled
2016-04-26 13:10:15,069 [INFO ] org.hibernate.cfg.SettingsFactory  - JDBC3 getGeneratedKeys(): enabled
2016-04-26 13:10:15,069 [INFO ] org.hibernate.cfg.SettingsFactory  - Connection release mode: on_close
2016-04-26 13:10:15,069 [INFO ] org.hibernate.cfg.SettingsFactory  - Maximum outer join fetch depth: 0
2016-04-26 13:10:15,069 [INFO ] org.hibernate.cfg.SettingsFactory  - Default batch fetch size: 1
2016-04-26 13:10:15,069 [INFO ] org.hibernate.cfg.SettingsFactory  - Generate SQL with comments: disabled
2016-04-26 13:10:15,069 [INFO ] org.hibernate.cfg.SettingsFactory  - Order SQL updates by primary key: disabled
2016-04-26 13:10:15,069 [INFO ] org.hibernate.cfg.SettingsFactory  - Order SQL inserts for batching: disabled
2016-04-26 13:10:15,069 [INFO ] org.hibernate.cfg.SettingsFactory  - Query translator: org.hibernate.hql.ast.ASTQueryTranslatorFactory
2016-04-26 13:10:15,069 [INFO ] org.hibernate.hql.ast.ASTQueryTranslatorFactory  - Using ASTQueryTranslatorFactory
2016-04-26 13:10:15,069 [INFO ] org.hibernate.cfg.SettingsFactory  - Query language substitutions: {}
2016-04-26 13:10:15,069 [INFO ] org.hibernate.cfg.SettingsFactory  - JPA-QL strict compliance: disabled
2016-04-26 13:10:15,069 [INFO ] org.hibernate.cfg.SettingsFactory  - Second-level cache: enabled
2016-04-26 13:10:15,069 [INFO ] org.hibernate.cfg.SettingsFactory  - Query cache: enabled
2016-04-26 13:10:15,069 [INFO ] org.hibernate.cfg.SettingsFactory  - Cache provider: net.sf.ehcache.hibernate.SingletonEhCacheProvider
2016-04-26 13:10:15,069 [INFO ] org.hibernate.cfg.SettingsFactory  - Optimize cache for minimal puts: disabled
2016-04-26 13:10:15,069 [INFO ] org.hibernate.cfg.SettingsFactory  - Structured second-level cache entries: disabled
2016-04-26 13:10:15,069 [INFO ] org.hibernate.cfg.SettingsFactory  - Query cache factory: org.hibernate.cache.StandardQueryCacheFactory
2016-04-26 13:10:15,085 [INFO ] org.hibernate.cfg.SettingsFactory  - Echoing all SQL to stdout
2016-04-26 13:10:15,085 [INFO ] org.hibernate.cfg.SettingsFactory  - Statistics: disabled
2016-04-26 13:10:15,085 [INFO ] org.hibernate.cfg.SettingsFactory  - Deleted entity synthetic identifier rollback: disabled
2016-04-26 13:10:15,085 [INFO ] org.hibernate.cfg.SettingsFactory  - Default entity-mode: pojo
2016-04-26 13:10:15,085 [INFO ] org.hibernate.cfg.SettingsFactory  - Named query checking : enabled
2016-04-26 13:10:15,091 [DEBUG] org.hibernate.validator.ClassValidator  - ResourceBundle ValidatorMessages not found in Validator classloader. Delegate to org.hibernate.validator.resources.DefaultValidatorMessages
2016-04-26 13:10:15,106 [INFO ] org.hibernate.impl.SessionFactoryImpl  - building session factory
2016-04-26 13:10:15,106 [DEBUG] org.hibernate.impl.SessionFactoryImpl  - Session factory constructed with filter configurations : {}
2016-04-26 13:10:15,106 [DEBUG] org.hibernate.impl.SessionFactoryImpl  - instantiating session factory with properties: {java.runtime.name=Java(TM) SE Runtime Environment, hibernate.cache.provider_class=net.sf.ehcache.hibernate.SingletonEhCacheProvider, sun.boot.library.path=C:\Program Files\Java\jdk1.7.0_75\jre\bin, java.vm.version=24.75-b04, java.vm.vendor=Oracle Corporation, java.vendor.url=http://java.oracle.com/, path.separator=;, hibernate.cache.use_query_cache=true, java.vm.name=Java HotSpot(TM) 64-Bit Server VM, file.encoding.pkg=sun.io, user.script=, user.country=US, sun.java.launcher=SUN_STANDARD, sun.os.patch.level=, java.vm.specification.name=Java Virtual Machine Specification, user.dir=E:\kamal_workspace\Dev_PartyAnalyst\payment_gateway, java.runtime.version=1.7.0_75-b13, java.awt.graphicsenv=sun.awt.Win32GraphicsEnvironment, hibernate.current_session_context_class=org.springframework.orm.hibernate3.SpringSessionContext, java.endorsed.dirs=C:\Program Files\Java\jdk1.7.0_75\jre\lib\endorsed, os.arch=amd64, java.io.tmpdir=C:\Users\KAMALA~1\AppData\Local\Temp\, line.separator=
, java.vm.specification.vendor=Oracle Corporation, user.variant=, os.name=Windows 8.1, hibernate.cache.use_second_level_cache=true, hibernate.connection.autoReconnect=true, sun.jnu.encoding=Cp1252, java.library.path=C:\Program Files\Java\jdk1.7.0_75\bin;C:\WINDOWS\Sun\Java\bin;C:\WINDOWS\system32;C:\WINDOWS;C:/Program Files (x86)/Java/jre6/bin/client;C:/Program Files (x86)/Java/jre6/bin;C:/Program Files (x86)/Java/jre6/lib/i386;C:\WINDOWS\system32;C:\WINDOWS;C:\WINDOWS\System32\Wbem;C:\WINDOWS\System32\WindowsPowerShell\v1.0\;C:\Program Files (x86)\Subversion\bin;C:\Program Files\TortoiseSVN\bin;C:\Program Files\SlikSvn\bin;C:\Program Files (x86)\Common Files\lenovo\easyplussdk\bin;C:\Program Files (x86)\Skype\Phone\;C:\Program Files (x86)\Java\jdk1.6.0_17\bin;.;E:\kamal_workspace\eclipse;;., hibernate.generate_statistics=false, java.specification.name=Java Platform API Specification, java.class.version=51.0, sun.management.compiler=HotSpot 64-Bit Tiered Compilers, os.version=6.3, user.home=C:\Users\Kamalakar, user.timezone=Asia/Calcutta, java.awt.printerjob=sun.awt.windows.WPrinterJob, hibernate.connection.release_mode=on_close, java.specification.version=1.7, file.encoding=Cp1252, user.name=Kamalakar, java.class.path=E:\kamal_workspace\Dev_PartyAnalyst\payment_gateway\target\test-classes;E:\kamal_workspace\Dev_PartyAnalyst\payment_gateway\target\classes;C:\Users\Kamalakar\.m2\repository\javax\transaction\jta\1.1\jta-1.1.jar;C:\Users\Kamalakar\.m2\repository\javax\persistence\persistence-api\1.0\persistence-api-1.0.jar;C:\Users\Kamalakar\.m2\repository\javax\mail\mail\1.4\mail-1.4.jar;C:\Users\Kamalakar\.m2\repository\javax\activation\activation\1.1\activation-1.1.jar;C:\Users\Kamalakar\.m2\repository\junit\junit\4.6\junit-4.6.jar;C:\Users\Kamalakar\.m2\repository\org\easymock\easymock\2.0\easymock-2.0.jar;C:\Users\Kamalakar\.m2\repository\org\apache\poi\poi\3.5-beta3\poi-3.5-beta3.jar;C:\Users\Kamalakar\.m2\repository\commons-logging\commons-logging\1.1\commons-logging-1.1.jar;C:\Users\Kamalakar\.m2\repository\log4j\log4j\1.2.15\log4j-1.2.15.jar;C:\Users\Kamalakar\.m2\repository\org\hibernate\hibernate\3.2.6.ga\hibernate-3.2.6.ga.jar;C:\Users\Kamalakar\.m2\repository\net\sf\ehcache\ehcache\1.2.3\ehcache-1.2.3.jar;C:\Users\Kamalakar\.m2\repository\commons-collections\commons-collections\2.1.1\commons-collections-2.1.1.jar;C:\Users\Kamalakar\.m2\repository\asm\asm-attrs\1.5.3\asm-attrs-1.5.3.jar;C:\Users\Kamalakar\.m2\repository\dom4j\dom4j\1.6.1\dom4j-1.6.1.jar;C:\Users\Kamalakar\.m2\repository\antlr\antlr\2.7.6\antlr-2.7.6.jar;C:\Users\Kamalakar\.m2\repository\cglib\cglib\2.1_3\cglib-2.1_3.jar;C:\Users\Kamalakar\.m2\repository\asm\asm\1.5.3\asm-1.5.3.jar;C:\Users\Kamalakar\.m2\repository\org\hibernate\hibernate-annotations\3.3.1.GA\hibernate-annotations-3.3.1.GA.jar;C:\Users\Kamalakar\.m2\repository\org\hibernate\hibernate-commons-annotations\3.0.0.ga\hibernate-commons-annotations-3.0.0.ga.jar;C:\Users\Kamalakar\.m2\repository\org\hibernate\ejb3-persistence\1.0.1.GA\ejb3-persistence-1.0.1.GA.jar;C:\Users\Kamalakar\.m2\repository\mysql\mysql-connector-java\5.1.6\mysql-connector-java-5.1.6.jar;C:\Users\Kamalakar\.m2\repository\org\springframework\spring-test\2.5.6\spring-test-2.5.6.jar;C:\Users\Kamalakar\.m2\repository\org\springframework\spring-context-support\2.5.6\spring-context-support-2.5.6.jar;C:\Users\Kamalakar\.m2\repository\aopalliance\aopalliance\1.0\aopalliance-1.0.jar;C:\Users\Kamalakar\.m2\repository\org\springframework\spring-beans\2.5.6\spring-beans-2.5.6.jar;C:\Users\Kamalakar\.m2\repository\org\springframework\spring-core\2.5.6\spring-core-2.5.6.jar;C:\Users\Kamalakar\.m2\repository\org\springframework\spring-context\2.5.6\spring-context-2.5.6.jar;C:\Users\Kamalakar\.m2\repository\org\quartz-scheduler\quartz\1.7.3\quartz-1.7.3.jar;C:\Users\Kamalakar\.m2\repository\org\dbunit\dbunit\2.4.4\dbunit-2.4.4.jar;C:\Users\Kamalakar\.m2\repository\org\slf4j\slf4j-api\1.5.6\slf4j-api-1.5.6.jar;C:\Users\Kamalakar\.m2\repository\hsqldb\hsqldb\1.8.0.10\hsqldb-1.8.0.10.jar;C:\Users\Kamalakar\.m2\repository\org\appfuse\appfuse-hibernate\2.0.1\appfuse-hibernate-2.0.1.jar;C:\Users\Kamalakar\.m2\repository\org\appfuse\appfuse-data-common\2.0.1\appfuse-data-common-2.0.1.jar;C:\Users\Kamalakar\.m2\repository\commons-lang\commons-lang\2.1\commons-lang-2.1.jar;C:\Users\Kamalakar\.m2\repository\org\springframework\spring-jdbc\2.5\spring-jdbc-2.5.jar;C:\Users\Kamalakar\.m2\repository\org\springframework\spring-tx\2.5\spring-tx-2.5.jar;C:\Users\Kamalakar\.m2\repository\org\springframework\spring-orm\2.5\spring-orm-2.5.jar;C:\Users\Kamalakar\.m2\repository\org\acegisecurity\acegi-security-tiger\1.0.5\acegi-security-tiger-1.0.5.jar;C:\Users\Kamalakar\.m2\repository\org\acegisecurity\acegi-security\1.0.5\acegi-security-1.0.5.jar;C:\Users\Kamalakar\.m2\repository\commons-codec\commons-codec\1.4\commons-codec-1.4.jar;C:\Users\Kamalakar\.m2\repository\oro\oro\2.0.8\oro-2.0.8.jar;C:\Users\Kamalakar\.m2\repository\org\springframework\spring-aop\2.5.4\spring-aop-2.5.4.jar;C:\Users\Kamalakar\.m2\repository\org\appfuse\appfuse-jpa\2.0.2\appfuse-jpa-2.0.2.jar;C:\Users\Kamalakar\.m2\repository\org\hibernate\hibernate-entitymanager\3.3.1.ga\hibernate-entitymanager-3.3.1.ga.jar;C:\Users\Kamalakar\.m2\repository\org\hibernate\hibernate-validator\3.0.0.ga\hibernate-validator-3.0.0.ga.jar;C:\Users\Kamalakar\.m2\repository\jboss\javassist\3.3.ga\javassist-3.3.ga.jar;C:\Users\Kamalakar\.m2\repository\jboss\jboss-archive-browsing\5.0.0alpha-200607201-119\jboss-archive-browsing-5.0.0alpha-200607201-119.jar;C:\Users\Kamalakar\.m2\repository\commons-beanutils\commons-beanutils\1.7.0\commons-beanutils-1.7.0.jar;C:\Users\Kamalakar\.m2\repository\org\springframework\security\spring-security-core-tiger\2.0.1\spring-security-core-tiger-2.0.1.jar;C:\Users\Kamalakar\.m2\repository\org\springframework\security\spring-security-core\2.0.1\spring-security-core-2.0.1.jar;C:\Users\Kamalakar\.m2\repository\org\appfuse\appfuse-service\2.0.2\appfuse-service-2.0.2.jar;C:\Users\Kamalakar\.m2\repository\org\aspectj\aspectjweaver\1.6.0\aspectjweaver-1.6.0.jar;C:\Users\Kamalakar\.m2\repository\org\aspectj\aspectjrt\1.6.0\aspectjrt-1.6.0.jar;C:\Users\Kamalakar\.m2\repository\velocity\velocity\1.4\velocity-1.4.jar;C:\Users\Kamalakar\.m2\repository\velocity\velocity-dep\1.4\velocity-dep-1.4.jar;C:\Users\Kamalakar\.m2\repository\org\codehaus\xfire\xfire-java5\1.2.6\xfire-java5-1.2.6.jar;C:\Users\Kamalakar\.m2\repository\org\codehaus\xfire\xfire-aegis\1.2.6\xfire-aegis-1.2.6.jar;C:\Users\Kamalakar\.m2\repository\org\codehaus\xfire\xfire-core\1.2.6\xfire-core-1.2.6.jar;C:\Users\Kamalakar\.m2\repository\wsdl4j\wsdl4j\1.6.1\wsdl4j-1.6.1.jar;C:\Users\Kamalakar\.m2\repository\stax\stax-api\1.0.1\stax-api-1.0.1.jar;C:\Users\Kamalakar\.m2\repository\org\codehaus\woodstox\wstx-asl\3.2.0\wstx-asl-3.2.0.jar;C:\Users\Kamalakar\.m2\repository\jdom\jdom\1.0\jdom-1.0.jar;C:\Users\Kamalakar\.m2\repository\commons-httpclient\commons-httpclient\3.1-rc1\commons-httpclient-3.1-rc1.jar;C:\Users\Kamalakar\.m2\repository\net\java\dev\stax-utils\stax-utils\20040917\stax-utils-20040917.jar;C:\Users\Kamalakar\.m2\repository\org\codehaus\xfire\xfire-annotations\1.2.6\xfire-annotations-1.2.6.jar;C:\Users\Kamalakar\.m2\repository\xfire\xfire-jsr181-api\1.0-M1\xfire-jsr181-api-1.0-M1.jar;C:\Users\Kamalakar\.m2\repository\org\codehaus\xfire\xfire-spring\1.2.6\xfire-spring-1.2.6.jar;C:\Users\Kamalakar\.m2\repository\org\apache\xbean\xbean-spring\2.8\xbean-spring-2.8.jar;C:\Users\Kamalakar\.m2\repository\org\codehaus\xfire\xfire-xmlbeans\1.2.6\xfire-xmlbeans-1.2.6.jar;C:\Users\Kamalakar\.m2\repository\xmlbeans\xbean\2.2.0\xbean-2.2.0.jar;C:\Users\Kamalakar\.m2\repository\org\springframework\spring-aspects\2.5.4\spring-aspects-2.5.4.jar;C:\Users\Kamalakar\.m2\repository\net\sourceforge\jexcelapi\jxl\2.6.3\jxl-2.6.3.jar;C:\Users\Kamalakar\.m2\repository\net\sf\ehcache\ehcache-core\2.3.1\ehcache-core-2.3.1.jar;C:\Users\Kamalakar\.m2\repository\com\google\gdata\gdata-core-1.0\1.41.5\gdata-core-1.0-1.41.5.jar;C:\Users\Kamalakar\.m2\repository\com\google\collections\google-collections\1.0-rc2\google-collections-1.0-rc2.jar;C:\Users\Kamalakar\.m2\repository\com\google\code\findbugs\jsr305\1.3.9\jsr305-1.3.9.jar;C:\Users\Kamalakar\.m2\repository\com\google\gdata\gdata-client-1.0\1.41.5\gdata-client-1.0-1.41.5.jar;C:\Users\Kamalakar\.m2\repository\com\google\gdata\gdata-maps-2.0\1.41.5\gdata-maps-2.0-1.41.5.jar;C:\Users\Kamalakar\.m2\repository\com\google\gdata\gdata-media-1.0\1.41.5\gdata-media-1.0-1.41.5.jar;C:\Users\Kamalakar\.m2\repository\com\google\gdata\gdata-youtube-2.0\1.41.5\gdata-youtube-2.0-1.41.5.jar;C:\Users\Kamalakar\.m2\repository\org\imgscalr\imgscalr-lib\4.2\imgscalr-lib-4.2.jar;C:\Users\Kamalakar\.m2\repository\org\apache\sanselan\sanselan\0.97-incubator\sanselan-0.97-incubator.jar;C:\Users\Kamalakar\.m2\repository\com\itextpdf\itextpdf\5.1.3\itextpdf-5.1.3.jar;C:\Users\Kamalakar\.m2\repository\commons-io\commons-io\1.0\commons-io-1.0.jar;C:\Users\Kamalakar\.m2\repository\jfree\jfreechart\1.0.12\jfreechart-1.0.12.jar;C:\Users\Kamalakar\.m2\repository\jfree\jcommon\1.0.15\jcommon-1.0.15.jar;C:\Users\Kamalakar\.m2\repository\com\google\code\gson\gson\2.3.1\gson-2.3.1.jar;C:\Users\Kamalakar\.m2\repository\com\sun\jersey\jersey-client\1.8\jersey-client-1.8.jar;C:\Users\Kamalakar\.m2\repository\com\sun\jersey\jersey-core\1.8\jersey-core-1.8.jar;C:\Users\Kamalakar\.m2\repository\com\sun\jersey\jersey-json\1.8\jersey-json-1.8.jar;C:\Users\Kamalakar\.m2\repository\org\codehaus\jettison\jettison\1.1\jettison-1.1.jar;C:\Users\Kamalakar\.m2\repository\com\sun\xml\bind\jaxb-impl\2.2.3-1\jaxb-impl-2.2.3-1.jar;C:\Users\Kamalakar\.m2\repository\javax\xml\bind\jaxb-api\2.2.2\jaxb-api-2.2.2.jar;C:\Users\Kamalakar\.m2\repository\javax\xml\stream\stax-api\1.0-2\stax-api-1.0-2.jar;C:\Users\Kamalakar\.m2\repository\org\codehaus\jackson\jackson-core-asl\1.7.1\jackson-core-asl-1.7.1.jar;C:\Users\Kamalakar\.m2\repository\org\codehaus\jackson\jackson-mapper-asl\1.7.1\jackson-mapper-asl-1.7.1.jar;C:\Users\Kamalakar\.m2\repository\org\codehaus\jackson\jackson-jaxrs\1.7.1\jackson-jaxrs-1.7.1.jar;C:\Users\Kamalakar\.m2\repository\org\codehaus\jackson\jackson-xc\1.7.1\jackson-xc-1.7.1.jar;C:\Users\Kamalakar\.m2\repository\com\rabbitmq\amqp-client\3.5.2\amqp-client-3.5.2.jar;/E:/kamal_workspace/eclipse/configuration/org.eclipse.osgi/bundles/347/1/.cp/;/E:/kamal_workspace/eclipse/configuration/org.eclipse.osgi/bundles/838/1/.cp/, hibernate.bytecode.use_reflection_optimizer=false, hibernate.show_sql=true, java.vm.specification.version=1.7, sun.arch.data.model=64, java.home=C:\Program Files\Java\jdk1.7.0_75\jre, sun.java.command=org.eclipse.jdt.internal.junit.runner.RemoteTestRunner -version 3 -port 53814 -testLoaderClass org.eclipse.jdt.internal.junit4.runner.JUnit4TestLoader -loaderpluginname org.eclipse.jdt.junit4.runtime -classNames com.itgrids.paymentgatewaydao.hibernate.PaymentMethodDAOHibernateTest, hibernate.dialect=org.hibernate.dialect.MySQLDialect, java.specification.vendor=Oracle Corporation, user.language=en, awt.toolkit=sun.awt.windows.WToolkit, java.vm.info=mixed mode, hibernate.cglib.use_reflection_optimizer=true, java.version=1.7.0_75, java.ext.dirs=C:\Program Files\Java\jdk1.7.0_75\jre\lib\ext;C:\WINDOWS\Sun\Java\lib\ext, sun.boot.class.path=C:\Program Files\Java\jdk1.7.0_75\jre\lib\resources.jar;C:\Program Files\Java\jdk1.7.0_75\jre\lib\rt.jar;C:\Program Files\Java\jdk1.7.0_75\jre\lib\sunrsasign.jar;C:\Program Files\Java\jdk1.7.0_75\jre\lib\jsse.jar;C:\Program Files\Java\jdk1.7.0_75\jre\lib\jce.jar;C:\Program Files\Java\jdk1.7.0_75\jre\lib\charsets.jar;C:\Program Files\Java\jdk1.7.0_75\jre\lib\jfr.jar;C:\Program Files\Java\jdk1.7.0_75\jre\classes, java.vendor=Oracle Corporation, file.separator=\, java.vendor.url.bug=http://bugreport.sun.com/bugreport/, hibernate.connection.provider_class=org.springframework.orm.hibernate3.LocalDataSourceConnectionProvider, sun.cpu.endian=little, sun.io.unicode.encoding=UnicodeLittle, sun.desktop=windows, hibernate.max_fetch_depth=0, sun.cpu.isalist=amd64}
2016-04-26 13:10:15,106 [DEBUG] net.sf.ehcache.CacheManager  - Creating new CacheManager with default config
2016-04-26 13:10:15,106 [DEBUG] net.sf.ehcache.CacheManager  - Configuring ehcache from classpath.
2016-04-26 13:10:15,106 [WARN ] net.sf.ehcache.config.ConfigurationFactory  - No configuration found. Configuring ehcache from ehcache-failsafe.xml  found in the classpath: jar:file:/C:/Users/Kamalakar/.m2/repository/net/sf/ehcache/ehcache/1.2.3/ehcache-1.2.3.jar!/ehcache-failsafe.xml
2016-04-26 13:10:15,106 [DEBUG] net.sf.ehcache.config.ConfigurationFactory  - Configuring ehcache from URL: jar:file:/C:/Users/Kamalakar/.m2/repository/net/sf/ehcache/ehcache/1.2.3/ehcache-1.2.3.jar!/ehcache-failsafe.xml
2016-04-26 13:10:15,106 [DEBUG] net.sf.ehcache.config.ConfigurationFactory  - Configuring ehcache from InputStream
2016-04-26 13:10:15,122 [DEBUG] net.sf.ehcache.config.DiskStoreConfiguration  - Disk Store Path: C:\Users\KAMALA~1\AppData\Local\Temp\
2016-04-26 13:10:15,122 [DEBUG] net.sf.ehcache.config.ConfigurationHelper  - No CacheManagerEventListenerFactory class specified. Skipping...
2016-04-26 13:10:15,122 [DEBUG] net.sf.ehcache.config.ConfigurationHelper  - No CachePeerListenerFactoryConfiguration specified. Not configuring a CacheManagerPeerListener.
2016-04-26 13:10:15,122 [DEBUG] net.sf.ehcache.config.ConfigurationHelper  - No CachePeerProviderFactoryConfiguration specified. Not configuring a CacheManagerPeerProvider.
2016-04-26 13:10:15,238 [DEBUG] net.sf.ehcache.config.ConfigurationHelper  - No BootstrapCacheLoaderFactory class specified. Skipping...
2016-04-26 13:10:15,253 [DEBUG] org.hibernate.cache.CacheFactory  - instantiating cache region: com.itgrids.paymentgateway.model.PaymentMethod usage strategy: read-write
2016-04-26 13:10:15,253 [WARN ] net.sf.ehcache.hibernate.SingletonEhCacheProvider  - Could not find a specific ehcache configuration for cache named [com.itgrids.paymentgateway.model.PaymentMethod]; using defaults.
2016-04-26 13:10:15,253 [DEBUG] net.sf.ehcache.store.DiskStore  - Deleting data file com.itgrids.paymentgateway.model.PaymentMethod.data
2016-04-26 13:10:15,269 [DEBUG] net.sf.ehcache.store.MemoryStore  - Initialized net.sf.ehcache.store.LruMemoryStore for com.itgrids.paymentgateway.model.PaymentMethod
2016-04-26 13:10:15,269 [DEBUG] net.sf.ehcache.store.LruMemoryStore  - com.itgrids.paymentgateway.model.PaymentMethod Cache: Using SpoolingLinkedHashMap implementation
2016-04-26 13:10:15,269 [DEBUG] net.sf.ehcache.Cache  - Initialised cache: com.itgrids.paymentgateway.model.PaymentMethod
2016-04-26 13:10:15,269 [DEBUG] net.sf.ehcache.hibernate.SingletonEhCacheProvider  - started EHCache region: com.itgrids.paymentgateway.model.PaymentMethod
2016-04-26 13:10:15,391 [DEBUG] org.hibernate.persister.entity.AbstractEntityPersister  - Static SQL for entity: com.itgrids.paymentgateway.model.PaymentMethod
2016-04-26 13:10:15,391 [DEBUG] org.hibernate.persister.entity.AbstractEntityPersister  -  Version select: select payment_method_id from payment_method where payment_method_id =?
2016-04-26 13:10:15,391 [DEBUG] org.hibernate.persister.entity.AbstractEntityPersister  -  Snapshot select: select paymentmet_.payment_method_id, paymentmet_.method as method0_ from payment_method paymentmet_ where paymentmet_.payment_method_id=?
2016-04-26 13:10:15,391 [DEBUG] org.hibernate.persister.entity.AbstractEntityPersister  -  Insert 0: insert into payment_method (method, payment_method_id) values (?, ?)
2016-04-26 13:10:15,391 [DEBUG] org.hibernate.persister.entity.AbstractEntityPersister  -  Update 0: update payment_method set method=? where payment_method_id=?
2016-04-26 13:10:15,391 [DEBUG] org.hibernate.persister.entity.AbstractEntityPersister  -  Delete 0: delete from payment_method where payment_method_id=?
2016-04-26 13:10:15,391 [DEBUG] org.hibernate.persister.entity.AbstractEntityPersister  -  Identity insert: insert into payment_method (method) values (?)
2016-04-26 13:10:15,391 [DEBUG] org.hibernate.loader.entity.EntityLoader  - Static select for entity com.itgrids.paymentgateway.model.PaymentMethod: select paymentmet0_.payment_method_id as payment1_0_0_, paymentmet0_.method as method0_0_ from payment_method paymentmet0_ where paymentmet0_.payment_method_id=?
2016-04-26 13:10:15,391 [DEBUG] org.hibernate.loader.entity.EntityLoader  - Static select for entity com.itgrids.paymentgateway.model.PaymentMethod: select paymentmet0_.payment_method_id as payment1_0_0_, paymentmet0_.method as method0_0_ from payment_method paymentmet0_ where paymentmet0_.payment_method_id=?
2016-04-26 13:10:15,391 [DEBUG] org.hibernate.loader.entity.EntityLoader  - Static select for entity com.itgrids.paymentgateway.model.PaymentMethod: select paymentmet0_.payment_method_id as payment1_0_0_, paymentmet0_.method as method0_0_ from payment_method paymentmet0_ where paymentmet0_.payment_method_id=? for update
2016-04-26 13:10:15,391 [DEBUG] org.hibernate.loader.entity.EntityLoader  - Static select for entity com.itgrids.paymentgateway.model.PaymentMethod: select paymentmet0_.payment_method_id as payment1_0_0_, paymentmet0_.method as method0_0_ from payment_method paymentmet0_ where paymentmet0_.payment_method_id=? for update
2016-04-26 13:10:15,391 [DEBUG] org.hibernate.loader.entity.EntityLoader  - Static select for entity com.itgrids.paymentgateway.model.PaymentMethod: select paymentmet0_.payment_method_id as payment1_0_0_, paymentmet0_.method as method0_0_ from payment_method paymentmet0_ where paymentmet0_.payment_method_id=? for update
2016-04-26 13:10:15,407 [DEBUG] org.hibernate.loader.entity.EntityLoader  - Static select for action ACTION_MERGE on entity com.itgrids.paymentgateway.model.PaymentMethod: select paymentmet0_.payment_method_id as payment1_0_0_, paymentmet0_.method as method0_0_ from payment_method paymentmet0_ where paymentmet0_.payment_method_id=?
2016-04-26 13:10:15,407 [DEBUG] org.hibernate.loader.entity.EntityLoader  - Static select for action ACTION_REFRESH on entity com.itgrids.paymentgateway.model.PaymentMethod: select paymentmet0_.payment_method_id as payment1_0_0_, paymentmet0_.method as method0_0_ from payment_method paymentmet0_ where paymentmet0_.payment_method_id=?
2016-04-26 13:10:15,407 [DEBUG] org.hibernate.impl.SessionFactoryObjectFactory  - initializing class SessionFactoryObjectFactory
2016-04-26 13:10:15,407 [DEBUG] org.hibernate.impl.SessionFactoryObjectFactory  - registered: 297e5fc3545182eb01545182ecaf0000 (unnamed)
2016-04-26 13:10:15,407 [INFO ] org.hibernate.impl.SessionFactoryObjectFactory  - Not binding factory to JNDI, no JNDI name configured
2016-04-26 13:10:15,407 [DEBUG] org.hibernate.impl.SessionFactoryImpl  - instantiated session factory
2016-04-26 13:10:15,407 [INFO ] org.hibernate.cache.UpdateTimestampsCache  - starting update timestamps cache at region: org.hibernate.cache.UpdateTimestampsCache
2016-04-26 13:10:15,407 [WARN ] net.sf.ehcache.hibernate.SingletonEhCacheProvider  - Could not find a specific ehcache configuration for cache named [org.hibernate.cache.UpdateTimestampsCache]; using defaults.
2016-04-26 13:10:15,407 [DEBUG] net.sf.ehcache.store.DiskStore  - Deleting data file org.hibernate.cache.UpdateTimestampsCache.data
2016-04-26 13:10:15,407 [DEBUG] net.sf.ehcache.store.MemoryStore  - Initialized net.sf.ehcache.store.LruMemoryStore for org.hibernate.cache.UpdateTimestampsCache
2016-04-26 13:10:15,407 [DEBUG] net.sf.ehcache.store.LruMemoryStore  - org.hibernate.cache.UpdateTimestampsCache Cache: Using SpoolingLinkedHashMap implementation
2016-04-26 13:10:15,407 [DEBUG] net.sf.ehcache.Cache  - Initialised cache: org.hibernate.cache.UpdateTimestampsCache
2016-04-26 13:10:15,407 [DEBUG] net.sf.ehcache.hibernate.SingletonEhCacheProvider  - started EHCache region: org.hibernate.cache.UpdateTimestampsCache
2016-04-26 13:10:15,407 [INFO ] org.hibernate.cache.StandardQueryCache  - starting query cache at region: org.hibernate.cache.StandardQueryCache
2016-04-26 13:10:15,407 [WARN ] net.sf.ehcache.hibernate.SingletonEhCacheProvider  - Could not find a specific ehcache configuration for cache named [org.hibernate.cache.StandardQueryCache]; using defaults.
2016-04-26 13:10:15,407 [DEBUG] net.sf.ehcache.store.DiskStore  - Deleting data file org.hibernate.cache.StandardQueryCache.data
2016-04-26 13:10:15,407 [DEBUG] net.sf.ehcache.store.MemoryStore  - Initialized net.sf.ehcache.store.LruMemoryStore for org.hibernate.cache.StandardQueryCache
2016-04-26 13:10:15,407 [DEBUG] net.sf.ehcache.store.LruMemoryStore  - org.hibernate.cache.StandardQueryCache Cache: Using SpoolingLinkedHashMap implementation
2016-04-26 13:10:15,407 [DEBUG] net.sf.ehcache.Cache  - Initialised cache: org.hibernate.cache.StandardQueryCache
2016-04-26 13:10:15,407 [DEBUG] net.sf.ehcache.hibernate.SingletonEhCacheProvider  - started EHCache region: org.hibernate.cache.StandardQueryCache
2016-04-26 13:10:15,407 [DEBUG] org.hibernate.impl.SessionFactoryImpl  - Checking 0 named HQL queries
2016-04-26 13:10:15,407 [DEBUG] org.hibernate.impl.SessionFactoryImpl  - Checking 0 named SQL queries
2016-04-26 13:10:15,407 [DEBUG] org.springframework.beans.factory.support.DefaultListableBeanFactory  - Finished creating instance of bean 'sessionFactory'
2016-04-26 13:10:15,438 [DEBUG] org.springframework.beans.factory.support.DefaultListableBeanFactory  - Invoking afterPropertiesSet() on bean with name 'paymentMethodDAO'
2016-04-26 13:10:15,438 [DEBUG] org.springframework.beans.factory.support.DefaultListableBeanFactory  - Finished creating instance of bean 'paymentMethodDAO'
2016-04-26 13:10:15,438 [DEBUG] org.springframework.beans.factory.support.DefaultListableBeanFactory  - Added autowiring by name from bean name 'com.itgrids.paymentgatewaydao.hibernate.PaymentMethodDAOHibernateTest' via property 'paymentMethodDAO' to bean named 'paymentMethodDAO'
2016-04-26 13:10:15,438 [DEBUG] org.springframework.beans.factory.support.DefaultListableBeanFactory  - Creating shared instance of singleton bean 'transactionManager'
2016-04-26 13:10:15,438 [DEBUG] org.springframework.beans.factory.support.DefaultListableBeanFactory  - Creating instance of bean 'transactionManager'
2016-04-26 13:10:15,438 [DEBUG] org.springframework.beans.factory.support.DefaultListableBeanFactory  - Eagerly caching bean 'transactionManager' to allow for resolving potential circular references
2016-04-26 13:10:15,438 [DEBUG] org.springframework.beans.factory.support.DefaultListableBeanFactory  - Returning cached instance of singleton bean 'sessionFactory'
2016-04-26 13:10:15,438 [DEBUG] org.springframework.beans.factory.support.DefaultListableBeanFactory  - Invoking afterPropertiesSet() on bean with name 'transactionManager'
2016-04-26 13:10:15,454 [INFO ] org.springframework.orm.hibernate3.HibernateTransactionManager  - Using DataSource [org.springframework.jdbc.datasource.DriverManagerDataSource@e910502] of Hibernate SessionFactory for HibernateTransactionManager
2016-04-26 13:10:15,454 [DEBUG] org.springframework.beans.factory.support.DefaultListableBeanFactory  - Finished creating instance of bean 'transactionManager'
2016-04-26 13:10:15,454 [DEBUG] org.springframework.beans.factory.support.DefaultListableBeanFactory  - Added autowiring by name from bean name 'com.itgrids.paymentgatewaydao.hibernate.PaymentMethodDAOHibernateTest' via property 'transactionManager' to bean named 'transactionManager'
2016-04-26 13:10:15,454 [DEBUG] org.springframework.orm.hibernate3.HibernateTransactionManager  - Using transaction object [org.springframework.orm.hibernate3.HibernateTransactionManager$HibernateTransactionObject@456dbdf4]
2016-04-26 13:10:15,454 [DEBUG] org.springframework.orm.hibernate3.HibernateTransactionManager  - Creating new transaction with name [null]: PROPAGATION_REQUIRED,ISOLATION_DEFAULT
2016-04-26 13:10:15,469 [DEBUG] org.hibernate.impl.SessionImpl  - opened session at timestamp: 5986944677699584
2016-04-26 13:10:15,469 [DEBUG] org.springframework.orm.hibernate3.HibernateTransactionManager  - Opened new Session [org.hibernate.impl.SessionImpl@3ce724eb] for Hibernate transaction
2016-04-26 13:10:15,485 [DEBUG] org.springframework.orm.hibernate3.HibernateTransactionManager  - Preparing JDBC Connection of Hibernate Session [org.hibernate.impl.SessionImpl@3ce724eb]
2016-04-26 13:10:15,491 [DEBUG] org.hibernate.transaction.JDBCTransaction  - begin
2016-04-26 13:10:15,491 [DEBUG] org.hibernate.jdbc.ConnectionManager  - opening JDBC connection
2016-04-26 13:10:15,491 [DEBUG] org.springframework.jdbc.datasource.DriverManagerDataSource  - Creating new JDBC Connection to [jdbc:mysql://localhost:3306/dakavara_pa]
2016-04-26 13:10:15,507 [DEBUG] org.hibernate.transaction.JDBCTransaction  - current autocommit status: true
2016-04-26 13:10:15,507 [DEBUG] org.hibernate.transaction.JDBCTransaction  - disabling autocommit
2016-04-26 13:10:15,507 [DEBUG] org.springframework.orm.hibernate3.HibernateTransactionManager  - Exposing Hibernate transaction as JDBC transaction [com.mysql.jdbc.JDBC4Connection@27724ff2]
2016-04-26 13:10:15,507 [DEBUG] org.springframework.transaction.support.TransactionSynchronizationManager  - Bound value [org.springframework.jdbc.datasource.ConnectionHolder@41dead19] for key [org.springframework.jdbc.datasource.DriverManagerDataSource@e910502] to thread [main]
2016-04-26 13:10:15,507 [DEBUG] org.springframework.transaction.support.TransactionSynchronizationManager  - Bound value [org.springframework.orm.hibernate3.SessionHolder@4168b2ca] for key [org.hibernate.impl.SessionFactoryImpl@2366618] to thread [main]
2016-04-26 13:10:15,507 [DEBUG] org.springframework.transaction.support.TransactionSynchronizationManager  - Initializing transaction synchronization
2016-04-26 13:10:15,507 [DEBUG] com.itgrids.paymentgatewaydao.hibernate.PaymentMethodDAOHibernateTest  - Began transaction (1): transaction manager [org.springframework.orm.hibernate3.HibernateTransactionManager@6cb210c9]; rollback [true].
2016-04-26 13:10:15,507 [DEBUG] org.springframework.transaction.support.TransactionSynchronizationManager  - Retrieved value [org.springframework.orm.hibernate3.SessionHolder@4168b2ca] for key [org.hibernate.impl.SessionFactoryImpl@2366618] bound to thread [main]
2016-04-26 13:10:15,592 [DEBUG] org.hibernate.hql.ast.QueryTranslatorImpl  - parse() - HQL: select model.paymentMethodId from com.itgrids.paymentgateway.model.PaymentMethod model
2016-04-26 13:10:15,623 [DEBUG] org.hibernate.hql.ast.AST  - --- HQL AST ---
 \-[QUERY] 'query'
    \-[SELECT_FROM] 'SELECT_FROM'
       +-[FROM] 'from'
       |  \-[RANGE] 'RANGE'
       |     +-[DOT] '.'
       |     |  +-[DOT] '.'
       |     |  |  +-[DOT] '.'
       |     |  |  |  +-[DOT] '.'
       |     |  |  |  |  +-[IDENT] 'com'
       |     |  |  |  |  \-[IDENT] 'itgrids'
       |     |  |  |  \-[IDENT] 'paymentgateway'
       |     |  |  \-[IDENT] 'model'
       |     |  \-[IDENT] 'PaymentMethod'
       |     \-[ALIAS] 'model'
       \-[SELECT] 'select'
          \-[DOT] '.'
             +-[IDENT] 'model'
             \-[IDENT] 'paymentMethodId'

2016-04-26 13:10:15,623 [DEBUG] org.hibernate.hql.ast.ErrorCounter  - throwQueryException() : no errors
2016-04-26 13:10:15,639 [DEBUG] org.hibernate.hql.antlr.HqlSqlBaseWalker  - select << begin [level=1, statement=select]
2016-04-26 13:10:15,654 [DEBUG] org.hibernate.hql.ast.tree.FromElement  - FromClause{level=1} :  com.itgrids.paymentgateway.model.PaymentMethod (model) -> paymentmet0_
2016-04-26 13:10:15,654 [DEBUG] org.hibernate.hql.ast.tree.FromReferenceNode  - Resolved :  model -> paymentmet0_.payment_method_id
2016-04-26 13:10:15,654 [DEBUG] org.hibernate.hql.ast.tree.DotNode  - getDataType() : paymentMethodId -> org.hibernate.type.LongType@21b0cb79
2016-04-26 13:10:15,654 [DEBUG] org.hibernate.hql.ast.tree.FromReferenceNode  - Resolved :  model.paymentMethodId -> paymentmet0_.payment_method_id
2016-04-26 13:10:15,654 [DEBUG] org.hibernate.hql.antlr.HqlSqlBaseWalker  - select : finishing up [level=1, statement=select]
2016-04-26 13:10:15,654 [DEBUG] org.hibernate.hql.ast.HqlSqlWalker  - processQuery() :  ( SELECT ( {select clause} ( paymentmet0_.payment_method_id paymentmet0_.payment_method_id paymentMethodId ) ) ( FromClause{level=1} payment_method paymentmet0_ ) )
2016-04-26 13:10:15,670 [DEBUG] org.hibernate.hql.ast.util.JoinProcessor  - Using FROM fragment [payment_method paymentmet0_]
2016-04-26 13:10:15,670 [DEBUG] org.hibernate.hql.antlr.HqlSqlBaseWalker  - select >> end [level=1, statement=select]
2016-04-26 13:10:15,692 [DEBUG] org.hibernate.hql.ast.AST  - --- SQL AST ---
 \-[SELECT] QueryNode: 'SELECT'  querySpaces (payment_method)
    +-[SELECT_CLAUSE] SelectClause: '{select clause}'
    |  +-[DOT] DotNode: 'paymentmet0_.payment_method_id' {propertyName=paymentMethodId,dereferenceType=4,propertyPath=paymentMethodId,path=model.paymentMethodId,tableAlias=paymentmet0_,className=com.itgrids.paymentgateway.model.PaymentMethod,classAlias=model}
    |  |  +-[ALIAS_REF] IdentNode: 'paymentmet0_.payment_method_id' {alias=model, className=com.itgrids.paymentgateway.model.PaymentMethod, tableAlias=paymentmet0_}
    |  |  \-[IDENT] IdentNode: 'paymentMethodId' {originalText=paymentMethodId}
    |  \-[SELECT_COLUMNS] SqlNode: ' as col_0_0_'
    \-[FROM] FromClause: 'from' FromClause{level=1, fromElementCounter=1, fromElements=1, fromElementByClassAlias=[model], fromElementByTableAlias=[paymentmet0_], fromElementsByPath=[], collectionJoinFromElementsByPath=[], impliedElements=[]}
       \-[FROM_FRAGMENT] FromElement: 'payment_method paymentmet0_' FromElement{explicit,not a collection join,not a fetch join,fetch non-lazy properties,classAlias=model,role=null,tableName=payment_method,tableAlias=paymentmet0_,origin=null,colums={,className=com.itgrids.paymentgateway.model.PaymentMethod}}

2016-04-26 13:10:15,692 [DEBUG] org.hibernate.hql.ast.ErrorCounter  - throwQueryException() : no errors
2016-04-26 13:10:15,692 [DEBUG] org.hibernate.hql.ast.QueryTranslatorImpl  - HQL: select model.paymentMethodId from com.itgrids.paymentgateway.model.PaymentMethod model
2016-04-26 13:10:15,692 [DEBUG] org.hibernate.hql.ast.QueryTranslatorImpl  - SQL: select paymentmet0_.payment_method_id as col_0_0_ from payment_method paymentmet0_
2016-04-26 13:10:15,692 [DEBUG] org.hibernate.hql.ast.ErrorCounter  - throwQueryException() : no errors
2016-04-26 13:10:15,723 [DEBUG] org.hibernate.jdbc.AbstractBatcher  - about to open PreparedStatement (open PreparedStatements: 0, globally: 0)
2016-04-26 13:10:15,723 [DEBUG] org.hibernate.SQL  - select paymentmet0_.payment_method_id as col_0_0_ from payment_method paymentmet0_
2016-04-26 13:10:15,766 [DEBUG] org.hibernate.jdbc.AbstractBatcher  - about to open ResultSet (open ResultSets: 0, globally: 0)
2016-04-26 13:10:15,766 [DEBUG] org.hibernate.jdbc.AbstractBatcher  - about to close ResultSet (open ResultSets: 1, globally: 1)
2016-04-26 13:10:15,766 [DEBUG] org.hibernate.jdbc.AbstractBatcher  - about to close PreparedStatement (open PreparedStatements: 1, globally: 1)
2016-04-26 13:10:15,766 [DEBUG] org.hibernate.engine.StatefulPersistenceContext  - initializing non-lazy collections
2016-04-26 13:10:15,766 [DEBUG] org.springframework.orm.hibernate3.HibernateTransactionManager  - Triggering beforeCompletion synchronization
2016-04-26 13:10:15,766 [DEBUG] org.springframework.orm.hibernate3.HibernateTransactionManager  - Initiating transaction rollback
2016-04-26 13:10:15,766 [DEBUG] org.springframework.orm.hibernate3.HibernateTransactionManager  - Rolling back Hibernate transaction on Session [org.hibernate.impl.SessionImpl@3ce724eb]
2016-04-26 13:10:15,766 [DEBUG] org.hibernate.transaction.JDBCTransaction  - rollback
2016-04-26 13:10:15,766 [DEBUG] org.hibernate.transaction.JDBCTransaction  - re-enabling autocommit
2016-04-26 13:10:15,766 [DEBUG] org.hibernate.transaction.JDBCTransaction  - rolled back JDBC Connection
2016-04-26 13:10:15,766 [DEBUG] org.hibernate.jdbc.ConnectionManager  - transaction completed on session with on_close connection release mode; be sure to close the session to release JDBC resources!
2016-04-26 13:10:15,766 [DEBUG] org.springframework.orm.hibernate3.HibernateTransactionManager  - Triggering afterCompletion synchronization
2016-04-26 13:10:15,766 [DEBUG] org.springframework.transaction.support.TransactionSynchronizationManager  - Clearing transaction synchronization
2016-04-26 13:10:15,766 [DEBUG] org.springframework.transaction.support.TransactionSynchronizationManager  - Removed value [org.springframework.orm.hibernate3.SessionHolder@4168b2ca] for key [org.hibernate.impl.SessionFactoryImpl@2366618] from thread [main]
2016-04-26 13:10:15,766 [DEBUG] org.springframework.transaction.support.TransactionSynchronizationManager  - Removed value [org.springframework.jdbc.datasource.ConnectionHolder@41dead19] for key [org.springframework.jdbc.datasource.DriverManagerDataSource@e910502] from thread [main]
2016-04-26 13:10:15,766 [DEBUG] org.springframework.orm.hibernate3.HibernateTransactionManager  - Closing Hibernate Session [org.hibernate.impl.SessionImpl@3ce724eb] after transaction
2016-04-26 13:10:15,766 [DEBUG] org.springframework.orm.hibernate3.SessionFactoryUtils  - Closing Hibernate Session
2016-04-26 13:10:15,766 [DEBUG] org.hibernate.jdbc.ConnectionManager  - releasing JDBC connection [ (open PreparedStatements: 0, globally: 0) (open ResultSets: 0, globally: 0)]
2016-04-26 13:10:15,766 [DEBUG] org.hibernate.jdbc.ConnectionManager  - transaction completed on session with on_close connection release mode; be sure to close the session to release JDBC resources!
2016-04-26 13:10:15,766 [DEBUG] com.itgrids.paymentgatewaydao.hibernate.PaymentMethodDAOHibernateTest  - Rolled back transaction after execution of test [testGetAllPaymentMethodIds].
2016-04-26 13:10:15,766 [INFO ] org.springframework.context.support.GenericApplicationContext  - Closing org.springframework.context.support.GenericApplicationContext@852732d: display name [org.springframework.context.support.GenericApplicationContext@852732d]; startup date [Tue Apr 26 13:10:14 IST 2016]; root of context hierarchy
2016-04-26 13:10:15,766 [INFO ] org.springframework.beans.factory.support.DefaultListableBeanFactory  - Destroying singletons in org.springframework.beans.factory.support.DefaultListableBeanFactory@20a8a84c: defining beans [propertyConfigurer,dataSource,sessionFactory,paymentMethodDAO,transactionManager,universalDao,lookupDao,userDao,roleDao]; root of factory hierarchy
2016-04-26 13:10:15,766 [DEBUG] org.springframework.beans.factory.support.DefaultListableBeanFactory  - Retrieved dependent beans for bean 'sessionFactory': [paymentMethodDAO, transactionManager]
2016-04-26 13:10:15,766 [DEBUG] org.springframework.beans.factory.support.DefaultListableBeanFactory  - Retrieved dependent beans for bean 'paymentMethodDAO': [com.itgrids.paymentgatewaydao.hibernate.PaymentMethodDAOHibernateTest]
2016-04-26 13:10:15,766 [DEBUG] org.springframework.beans.factory.support.DisposableBeanAdapter  - Invoking destroy() on bean with name 'sessionFactory'
2016-04-26 13:10:15,766 [INFO ] org.springframework.orm.hibernate3.annotation.AnnotationSessionFactoryBean  - Closing Hibernate SessionFactory
2016-04-26 13:10:15,766 [INFO ] org.hibernate.impl.SessionFactoryImpl  - closing
2016-04-26 13:10:15,766 [DEBUG] net.sf.ehcache.store.MemoryStore  - com.itgrids.paymentgateway.model.PaymentMethod is persistent. Spooling 0 elements to the disk store.
2016-04-26 13:10:15,766 [DEBUG] net.sf.ehcache.store.DiskStore  - Spool Thread interrupted.
2016-04-26 13:10:15,766 [DEBUG] net.sf.ehcache.store.DiskStore  - Deleting file com.itgrids.paymentgateway.model.PaymentMethod.data
2016-04-26 13:10:15,766 [DEBUG] net.sf.ehcache.store.DiskStore  - com.itgrids.paymentgateway.model.PaymentMethodCache: Expiry thread interrupted on Disk Store.
2016-04-26 13:10:15,766 [DEBUG] net.sf.ehcache.store.MemoryStore  - org.hibernate.cache.StandardQueryCache is persistent. Spooling 0 elements to the disk store.
2016-04-26 13:10:15,766 [DEBUG] net.sf.ehcache.store.DiskStore  - Deleting file org.hibernate.cache.StandardQueryCache.data
2016-04-26 13:10:15,766 [DEBUG] net.sf.ehcache.store.DiskStore  - org.hibernate.cache.StandardQueryCacheCache: Expiry thread interrupted on Disk Store.
2016-04-26 13:10:15,766 [DEBUG] net.sf.ehcache.store.DiskStore  - Spool Thread interrupted.
2016-04-26 13:10:15,766 [DEBUG] net.sf.ehcache.store.MemoryStore  - org.hibernate.cache.UpdateTimestampsCache is persistent. Spooling 0 elements to the disk store.
2016-04-26 13:10:15,766 [DEBUG] net.sf.ehcache.store.DiskStore  - org.hibernate.cache.UpdateTimestampsCacheCache: Expiry thread interrupted on Disk Store.
2016-04-26 13:10:15,766 [DEBUG] net.sf.ehcache.store.DiskStore  - Spool Thread interrupted.
2016-04-26 13:10:15,766 [DEBUG] net.sf.ehcache.store.DiskStore  - Deleting file org.hibernate.cache.UpdateTimestampsCache.data
